2025-08-21 04:54:35 | user=admin
2025-08-21 04:54:38 | user=admin
2025-08-21 04:56:36 | user=admin
2025-08-21 04:56:41 | user=local_admin
2025-08-21 04:56:41 | SUCCESS user=local_admin
2025-08-21 05:45:13 | user=2001785
2025-08-21 05:45:13 | SUCCESS user=2001785
2025-08-21 05:50:05 | user=local_admin
2025-08-21 05:50:05 | SUCCESS user=local_admin
2025-08-21 05:54:31 | user=2001785
2025-08-21 05:54:31 | SUCCESS user=2001785
2025-08-21 06:00:17 | user=admin
2025-08-21 06:00:17 | SUCCESS user=admin
2025-08-21 06:00:22 | user=local_admin
2025-08-21 06:00:25 | user=admin
2025-08-21 06:00:25 | SUCCESS user=admin
2025-08-21 06:02:09 | user=2001785
2025-08-21 06:02:09 | SUCCESS user=2001785
2025-08-21 06:03:06 | user=admin
2025-08-21 06:03:06 | FAIL pw user=admin
2025-08-21 06:03:09 | user=admin
2025-08-21 06:03:09 | SUCCESS user=admin
2025-08-21 06:03:58 | user=admin
2025-08-21 06:03:59 | SUCCESS user=admin
2025-08-21 06:07:38 | user=2001785
2025-08-21 06:07:38 | SUCCESS user=2001785
2025-08-21 06:18:53 | user=local_admin
2025-08-21 06:18:53 | FAIL pw user=local_admin
2025-08-21 06:19:00 | user=local_admin
2025-08-21 06:19:00 | SUCCESS user=local_admin
2025-08-21 06:21:10 | user=local_admin
2025-08-21 06:21:10 | SUCCESS user=local_admin
2025-08-21 23:08:41 | user=local_admin
2025-08-21 23:08:41 | SUCCESS user=local_admin
2025-08-21 23:14:45 | user=210101
2025-08-21 23:14:51 | user=210101
2025-08-21 23:15:06 | user=210101
2025-08-21 23:15:12 | user=local_admin
2025-08-21 23:15:12 | SUCCESS user=local_admin
2025-08-22 00:06:07 | user=local_admin
2025-08-22 00:06:07 | SUCCESS user=local_admin
2025-08-22 00:07:13 | user=2206106
2025-08-22 00:07:13 | SUCCESS user=2206106
2025-08-22 00:08:14 | user=local_admin
2025-08-22 00:08:14 | FAIL pw user=local_admin
2025-08-22 00:08:20 | user=local_admin
2025-08-22 00:08:20 | SUCCESS user=local_admin
2025-08-22 04:33:04 | user=local_admin
2025-08-22 04:33:04 | SUCCESS user=local_admin
2025-08-22 05:56:31 | user=local_admin
2025-08-22 05:56:31 | SUCCESS user=local_admin
2025-08-22 06:07:44 | user=2206106
2025-08-22 06:07:44 | SUCCESS user=2206106
2025-08-22 06:08:17 | user=local_admin
2025-08-22 06:08:18 | SUCCESS user=local_admin
2025-08-22 06:54:14 | user=3230802
2025-08-22 06:54:14 | SUCCESS user=3230802
